0 info it worked if it ends with ok
1 verbose cli [ '/home/pi/Applications/node-v4/bin/node',
1 verbose cli   '/home/pi/Applications/node-v4/bin/npm',
1 verbose cli   'install',
1 verbose cli   'child_process' ]
2 info using npm@2.14.3
3 info using node@v4.1.0
4 verbose install initial load of /home/pi/Applications/panic/package.json
5 verbose installManyTop reading scoped package data from /home/pi/Applications/panic/node_modules/exec/package.json
6 verbose installManyTop reading scoped package data from /home/pi/Applications/panic/node_modules/express/package.json
7 verbose installManyTop reading scoped package data from /home/pi/Applications/panic/node_modules/http/package.json
8 verbose installManyTop reading scoped package data from /home/pi/Applications/panic/node_modules/nodemailer/package.json
9 verbose installManyTop reading scoped package data from /home/pi/Applications/panic/node_modules/pi-gpio/package.json
10 verbose installManyTop reading scoped package data from /home/pi/Applications/panic/node_modules/socket.io/package.json
11 verbose installManyTop reading scoped package data from /home/pi/Applications/panic/node_modules/socket.io-client/package.json
12 info package.json http@0.0.0 http is also the name of a node core module.
13 info package.json http@0.0.0 No description
14 info package.json http@0.0.0 No repository field.
15 info package.json http@0.0.0 No README data
16 info package.json exec@0.2.1 No license field.
17 info package.json nodemailer@0.7.1 No license field.
18 info package.json pi-gpio@0.0.7 No license field.
19 info package.json socket.io@1.3.7 No license field.
20 verbose readDependencies loading dependencies from /home/pi/Applications/panic/package.json
21 silly cache add args [ 'child_process', null ]
22 verbose cache add spec child_process
23 silly cache add parsed spec Result {
23 silly cache add   raw: 'child_process',
23 silly cache add   scope: null,
23 silly cache add   name: 'child_process',
23 silly cache add   rawSpec: '',
23 silly cache add   spec: '*',
23 silly cache add   type: 'range' }
24 silly addNamed child_process@*
25 verbose addNamed "*" is a valid semver range for child_process
26 silly addNameRange { name: 'child_process', range: '*', hasData: false }
27 silly mapToRegistry name child_process
28 silly mapToRegistry using default registry
29 silly mapToRegistry registry https://registry.npmjs.org/
30 silly mapToRegistry uri https://registry.npmjs.org/child_process
31 verbose addNameRange registry:https://registry.npmjs.org/child_process not in flight; fetching
32 verbose request uri https://registry.npmjs.org/child_process
33 verbose request no auth needed
34 info attempt registry request try #1 at 8:27:12 AM
35 verbose request id 9863de4a80b152b2
36 http request GET https://registry.npmjs.org/child_process
37 http 404 https://registry.npmjs.org/child_process
38 verbose headers { 'content-type': 'application/json',
38 verbose headers   'cache-control': 'max-age=0',
38 verbose headers   'content-length': '2',
38 verbose headers   'accept-ranges': 'bytes',
38 verbose headers   date: 'Wed, 30 Sep 2015 08:27:13 GMT',
38 verbose headers   via: '1.1 varnish',
38 verbose headers   age: '0',
38 verbose headers   connection: 'keep-alive',
38 verbose headers   'x-served-by': 'cache-fra1241-FRA',
38 verbose headers   'x-cache': 'MISS',
38 verbose headers   'x-cache-hits': '0',
38 verbose headers   'x-timer': 'S1443601633.206825,VS0,VE104' }
39 silly get cb [ 404,
39 silly get   { 'content-type': 'application/json',
39 silly get     'cache-control': 'max-age=0',
39 silly get     'content-length': '2',
39 silly get     'accept-ranges': 'bytes',
39 silly get     date: 'Wed, 30 Sep 2015 08:27:13 GMT',
39 silly get     via: '1.1 varnish',
39 silly get     age: '0',
39 silly get     connection: 'keep-alive',
39 silly get     'x-served-by': 'cache-fra1241-FRA',
39 silly get     'x-cache': 'MISS',
39 silly get     'x-cache-hits': '0',
39 silly get     'x-timer': 'S1443601633.206825,VS0,VE104' } ]
40 verbose stack Error: Registry returned 404 for GET on https://registry.npmjs.org/child_process
40 verbose stack     at makeError (/home/pi/Applications/node-v4/lib/node_modules/npm/node_modules/npm-registry-client/lib/request.js:263:12)
40 verbose stack     at CachingRegistryClient.<anonymous> (/home/pi/Applications/node-v4/lib/node_modules/npm/node_modules/npm-registry-client/lib/request.js:241:14)
40 verbose stack     at Request._callback (/home/pi/Applications/node-v4/lib/node_modules/npm/node_modules/npm-registry-client/lib/request.js:171:14)
40 verbose stack     at Request.self.callback (/home/pi/Applications/node-v4/lib/node_modules/npm/node_modules/request/request.js:198:22)
40 verbose stack     at emitTwo (events.js:87:13)
40 verbose stack     at Request.emit (events.js:172:7)
40 verbose stack     at Request.<anonymous> (/home/pi/Applications/node-v4/lib/node_modules/npm/node_modules/request/request.js:1073:14)
40 verbose stack     at emitOne (events.js:82:20)
40 verbose stack     at Request.emit (events.js:169:7)
40 verbose stack     at IncomingMessage.<anonymous> (/home/pi/Applications/node-v4/lib/node_modules/npm/node_modules/request/request.js:1019:12)
41 verbose statusCode 404
42 verbose pkgid child_process
43 verbose cwd /home/pi/Applications/panic
44 error Linux 4.1.7-v7+
45 error argv "/home/pi/Applications/node-v4/bin/node" "/home/pi/Applications/node-v4/bin/npm" "install" "child_process"
46 error node v4.1.0
47 error npm  v2.14.3
48 error code E404
49 error 404 Registry returned 404 for GET on https://registry.npmjs.org/child_process
49 error 404
49 error 404 'child_process' is not in the npm registry.
49 error 404 Your package name is not valid, because
49 error 404
49 error 404  1. child_process is a core module name
49 error 404
49 error 404 Note that you can also install from a
49 error 404 tarball, folder, http url, or git url.
50 verbose exit [ 1, true ]
